[     436ms] [LOG] Going to iterate over instancesSettings @ https://assets.adobedtm.com/0f2de1d5b89a/565c2aeb0d39/launch-560e54b3e83c.min.js:15
[     456ms] [WARNING] Adobe Client Data Layer v2.0.2 has already been imported/initialized on this page. You may be erroneously loading it a second time. @ https://www.ibm.com/etc.clientlibs/core/wcm/components/commons/datalayer/v1/clientlibs/core.wcm.components.commons.datalayer.v1.lc-70264651675213ed7f7cc5a02a00f621-lc.min.js:57
[     517ms] [WARNING] Warning: c4d-masthead's "navLinks" property is deprecated. Use "l0Data" property instead. @ https://www.ibm.com/etc.clientlibs/adobe-cms/clientlibs/clientlib-masthead-container.lc-6add6201fbad7c7de364061631efbdb6-lc.min.js:1272
[     517ms] [WARNING] Warning: c4d-masthead's "navLinks" property is deprecated. Use "l0Data" property instead. @ https://www.ibm.com/etc.clientlibs/adobe-cms/clientlibs/clientlib-masthead-container.lc-6add6201fbad7c7de364061631efbdb6-lc.min.js:1272
[     541ms] [WARNING] Warning: c4d-masthead's "navLinks" property is deprecated. Use "l0Data" property instead. @ https://www.ibm.com/etc.clientlibs/adobe-cms/clientlibs/clientlib-masthead-container.lc-6add6201fbad7c7de364061631efbdb6-lc.min.js:1272
[     541ms] [WARNING] Warning: c4d-masthead's "navLinks" property is deprecated. Use "l0Data" property instead. @ https://www.ibm.com/etc.clientlibs/adobe-cms/clientlibs/clientlib-masthead-container.lc-6add6201fbad7c7de364061631efbdb6-lc.min.js:1272
[     541ms] [WARNING] Warning: c4d-masthead's "navLinks" property is deprecated. Use "l0Data" property instead. @ https://www.ibm.com/etc.clientlibs/adobe-cms/clientlibs/clientlib-masthead-container.lc-6add6201fbad7c7de364061631efbdb6-lc.min.js:1272
[     541ms] [WARNING] Warning: c4d-masthead's "navLinks" property is deprecated. Use "l0Data" property instead. @ https://www.ibm.com/etc.clientlibs/adobe-cms/clientlibs/clientlib-masthead-container.lc-6add6201fbad7c7de364061631efbdb6-lc.min.js:1272
[     541ms] [WARNING] Warning: c4d-masthead's "navLinks" property is deprecated. Use "l0Data" property instead. @ https://www.ibm.com/etc.clientlibs/adobe-cms/clientlibs/clientlib-masthead-container.lc-6add6201fbad7c7de364061631efbdb6-lc.min.js:1272
[     541ms] [WARNING] Warning: c4d-masthead's "navLinks" property is deprecated. Use "l0Data" property instead. @ https://www.ibm.com/etc.clientlibs/adobe-cms/clientlibs/clientlib-masthead-container.lc-6add6201fbad7c7de364061631efbdb6-lc.min.js:1272
[     541ms] [ERROR] Failed to load resource: the server responded with a status of 404 () @ https://www.ibm.com/content/adobe-cms/us/en/products/cloudant/jcr:content/root/leadspace_container/leadspace/image.coreimg.jpeg/1779801751448/058_Dallas%20Data%20Center.jpg:0
[     542ms] [WARNING] Attempting to re-define cds-button @ https://www.ibm.com/etc.clientlibs/adobe-cms/clientlibs/clientlib-button.lc-bd3195958ccf1bb107358df845b3a9eb-lc.min.js:1
[     542ms] [WARNING] Attempting to re-define c4d-button @ https://www.ibm.com/etc.clientlibs/adobe-cms/clientlibs/clientlib-button.lc-bd3195958ccf1bb107358df845b3a9eb-lc.min.js:1
[     546ms] [WARNING] Attempting to re-define cds-button @ https://www.ibm.com/etc.clientlibs/adobe-cms/clientlibs/clientlib-button-group.lc-3b06d93eb6289792dd721ec268ed0079-lc.min.js:1
[     546ms] [WARNING] Attempting to re-define c4d-button @ https://www.ibm.com/etc.clientlibs/adobe-cms/clientlibs/clientlib-button-group.lc-3b06d93eb6289792dd721ec268ed0079-lc.min.js:1
[     548ms] [WARNING] Attempting to re-define c4d-expressive-modal @ https://www.ibm.com/etc.clientlibs/adobe-cms/clientlibs/clientlib-background-media.lc-df1684e90cc526820f3334ce661a6cd3-lc.min.js:1
[     549ms] [WARNING] Attempting to re-define cds-modal-close-button @ https://www.ibm.com/etc.clientlibs/adobe-cms/clientlibs/clientlib-background-media.lc-df1684e90cc526820f3334ce661a6cd3-lc.min.js:1
[     549ms] [WARNING] Attempting to re-define c4d-expressive-modal-close-button @ https://www.ibm.com/etc.clientlibs/adobe-cms/clientlibs/clientlib-background-media.lc-df1684e90cc526820f3334ce661a6cd3-lc.min.js:1
[     549ms] [WARNING] Attempting to re-define c4d-lightbox-image-viewer @ https://www.ibm.com/etc.clientlibs/adobe-cms/clientlibs/clientlib-background-media.lc-df1684e90cc526820f3334ce661a6cd3-lc.min.js:1
[     549ms] [WARNING] Attempting to re-define cds-button @ https://www.ibm.com/etc.clientlibs/adobe-cms/clientlibs/clientlib-background-media.lc-df1684e90cc526820f3334ce661a6cd3-lc.min.js:1
[     549ms] [WARNING] Attempting to re-define c4d-button @ https://www.ibm.com/etc.clientlibs/adobe-cms/clientlibs/clientlib-background-media.lc-df1684e90cc526820f3334ce661a6cd3-lc.min.js:1
[     549ms] [WARNING] Attempting to re-define c4d-image @ https://www.ibm.com/etc.clientlibs/adobe-cms/clientlibs/clientlib-background-media.lc-df1684e90cc526820f3334ce661a6cd3-lc.min.js:1
[     556ms] [LOG] false @ https://www.ibm.com/etc.clientlibs/adobe-cms/clientlibs/clientlib-background-media.lc-df1684e90cc526820f3334ce661a6cd3-lc.min.js:295
[     558ms] [WARNING] Attempting to re-define c4d-expressive-modal @ https://www.ibm.com/etc.clientlibs/adobe-cms/clientlibs/clientlib-video-player-v7.lc-e2888738eda9175164a62330156448a7-lc.min.js:1
[     558ms] [WARNING] Attempting to re-define cds-modal-close-button @ https://www.ibm.com/etc.clientlibs/adobe-cms/clientlibs/clientlib-video-player-v7.lc-e2888738eda9175164a62330156448a7-lc.min.js:1
[     558ms] [WARNING] Attempting to re-define c4d-expressive-modal-close-button @ https://www.ibm.com/etc.clientlibs/adobe-cms/clientlibs/clientlib-video-player-v7.lc-e2888738eda9175164a62330156448a7-lc.min.js:1
[     558ms] [WARNING] Attempting to re-define c4d-lightbox-image-viewer @ https://www.ibm.com/etc.clientlibs/adobe-cms/clientlibs/clientlib-video-player-v7.lc-e2888738eda9175164a62330156448a7-lc.min.js:1
[     559ms] [WARNING] Attempting to re-define cds-button @ https://www.ibm.com/etc.clientlibs/adobe-cms/clientlibs/clientlib-video-player-v7.lc-e2888738eda9175164a62330156448a7-lc.min.js:1
[     559ms] [WARNING] Attempting to re-define c4d-button @ https://www.ibm.com/etc.clientlibs/adobe-cms/clientlibs/clientlib-video-player-v7.lc-e2888738eda9175164a62330156448a7-lc.min.js:1
[     559ms] [WARNING] Attempting to re-define c4d-image @ https://www.ibm.com/etc.clientlibs/adobe-cms/clientlibs/clientlib-video-player-v7.lc-e2888738eda9175164a62330156448a7-lc.min.js:1
[     559ms] [WARNING] Attempting to re-define c4d-video-player-v7 @ https://www.ibm.com/etc.clientlibs/adobe-cms/clientlibs/clientlib-video-player-v7.lc-e2888738eda9175164a62330156448a7-lc.min.js:1
[     559ms] [WARNING] Attempting to re-define c4d-video-player-composite-v7 @ https://www.ibm.com/etc.clientlibs/adobe-cms/clientlibs/clientlib-video-player-v7.lc-e2888738eda9175164a62330156448a7-lc.min.js:1
[     560ms] [WARNING] Attempting to re-define c4d-video-player-container-v7 @ https://www.ibm.com/etc.clientlibs/adobe-cms/clientlibs/clientlib-video-player-v7.lc-e2888738eda9175164a62330156448a7-lc.min.js:1
[     563ms] [WARNING] Attempting to re-define cds-button @ https://www.ibm.com/etc.clientlibs/adobe-cms/clientlibs/clientlib-cibm-cta.lc-dd0c77f6af7199a2f5cf8575b27e03a8-lc.min.js:1
[     563ms] [WARNING] Attempting to re-define c4d-button @ https://www.ibm.com/etc.clientlibs/adobe-cms/clientlibs/clientlib-cibm-cta.lc-dd0c77f6af7199a2f5cf8575b27e03a8-lc.min.js:1
[     563ms] [WARNING] Attempting to re-define c4d-button-group-item @ https://www.ibm.com/etc.clientlibs/adobe-cms/clientlibs/clientlib-cibm-cta.lc-dd0c77f6af7199a2f5cf8575b27e03a8-lc.min.js:1
[     564ms] [WARNING] The c4d-buton-cta component has been deprecated. All its features have been absorbed into
  the base c4d-button component. See migration guide for more information. @ https://www.ibm.com/etc.clientlibs/adobe-cms/clientlibs/clientlib-cibm-cta.lc-dd0c77f6af7199a2f5cf8575b27e03a8-lc.min.js:79
[     564ms] [WARNING] Attempting to re-define cds-link @ https://www.ibm.com/etc.clientlibs/adobe-cms/clientlibs/clientlib-cibm-cta.lc-dd0c77f6af7199a2f5cf8575b27e03a8-lc.min.js:1
[     565ms] [WARNING] Attempting to re-define c4d-expressive-modal @ https://www.ibm.com/etc.clientlibs/adobe-cms/clientlibs/clientlib-cibm-cta.lc-dd0c77f6af7199a2f5cf8575b27e03a8-lc.min.js:1
[     565ms] [WARNING] Attempting to re-define cds-modal-close-button @ https://www.ibm.com/etc.clientlibs/adobe-cms/clientlibs/clientlib-cibm-cta.lc-dd0c77f6af7199a2f5cf8575b27e03a8-lc.min.js:1
[     565ms] [WARNING] Attempting to re-define c4d-expressive-modal-close-button @ https://www.ibm.com/etc.clientlibs/adobe-cms/clientlibs/clientlib-cibm-cta.lc-dd0c77f6af7199a2f5cf8575b27e03a8-lc.min.js:1
[     565ms] [WARNING] Attempting to re-define c4d-lightbox-image-viewer @ https://www.ibm.com/etc.clientlibs/adobe-cms/clientlibs/clientlib-cibm-cta.lc-dd0c77f6af7199a2f5cf8575b27e03a8-lc.min.js:1
[     566ms] [WARNING] Attempting to re-define c4d-image @ https://www.ibm.com/etc.clientlibs/adobe-cms/clientlibs/clientlib-cibm-cta.lc-dd0c77f6af7199a2f5cf8575b27e03a8-lc.min.js:1
[     566ms] [WARNING] The c4d-card-cta component has been deprecated. All its features have been absorbed into
  the base c4d-card component. See migration guide for more information. @ https://www.ibm.com/etc.clientlibs/adobe-cms/clientlibs/clientlib-cibm-cta.lc-dd0c77f6af7199a2f5cf8575b27e03a8-lc.min.js:359
[     566ms] [WARNING] The card-link component has been deprecated in favor of the card (link variant) component. See card documentation for more information. @ https://www.ibm.com/etc.clientlibs/adobe-cms/clientlibs/clientlib-cibm-cta.lc-dd0c77f6af7199a2f5cf8575b27e03a8-lc.min.js:359
[     567ms] [WARNING] The c4d-feature-cta component has been deprecated. All its features have been absorbed into
  the base c4d-feature-card component. See migration guide for more information. @ https://www.ibm.com/etc.clientlibs/adobe-cms/clientlibs/clientlib-cibm-cta.lc-dd0c77f6af7199a2f5cf8575b27e03a8-lc.min.js:379
[     570ms] [WARNING] The c4d-feature-cta component has been deprecated. All its features have been absorbed into
  the base c4d-feature-card component. See migration guide for more information. @ https://www.ibm.com/etc.clientlibs/adobe-cms/clientlibs/clientlib-cibm-cta.lc-dd0c77f6af7199a2f5cf8575b27e03a8-lc.min.js:383
[     571ms] [WARNING] Attempting to re-define c4d-video-player-v7 @ https://www.ibm.com/etc.clientlibs/adobe-cms/clientlibs/clientlib-cibm-cta.lc-dd0c77f6af7199a2f5cf8575b27e03a8-lc.min.js:1
[     571ms] [WARNING] Attempting to re-define c4d-video-player-composite-v7 @ https://www.ibm.com/etc.clientlibs/adobe-cms/clientlibs/clientlib-cibm-cta.lc-dd0c77f6af7199a2f5cf8575b27e03a8-lc.min.js:1
[     572ms] [WARNING] Attempting to re-define c4d-video-player-container-v7 @ https://www.ibm.com/etc.clientlibs/adobe-cms/clientlibs/clientlib-cibm-cta.lc-dd0c77f6af7199a2f5cf8575b27e03a8-lc.min.js:1
[     572ms] [WARNING] Attempting to re-define c4d-lightbox-video-player @ https://www.ibm.com/etc.clientlibs/adobe-cms/clientlibs/clientlib-cibm-cta.lc-dd0c77f6af7199a2f5cf8575b27e03a8-lc.min.js:1
[     572ms] [WARNING] Attempting to re-define c4d-lightbox-video-player-composite @ https://www.ibm.com/etc.clientlibs/adobe-cms/clientlibs/clientlib-cibm-cta.lc-dd0c77f6af7199a2f5cf8575b27e03a8-lc.min.js:1
[     572ms] [WARNING] The c4d-cta component has been deprecated in favor of the c4d-card, c4d-feature-card, c4d-link-with-icon,
  and c4d-button-group. See migration guide for more information. @ https://www.ibm.com/etc.clientlibs/adobe-cms/clientlibs/clientlib-cibm-cta.lc-dd0c77f6af7199a2f5cf8575b27e03a8-lc.min.js:508
[     583ms] [WARNING] Attempting to re-define cds-link @ https://www.ibm.com/etc.clientlibs/adobe-cms/clientlibs/clientlib-link-list.lc-2b81f95dd525f4223620a3581d43baf5-lc.min.js:1
[     583ms] [WARNING] Attempting to re-define c4d-link-with-icon @ https://www.ibm.com/etc.clientlibs/adobe-cms/clientlibs/clientlib-link-list.lc-2b81f95dd525f4223620a3581d43baf5-lc.min.js:1
[     586ms] [WARNING] Attempting to re-define cds-link @ https://www.ibm.com/etc.clientlibs/adobe-cms/clientlibs/clientlib-cta-block.lc-268551b37907f567530d24158d82cf98-lc.min.js:1
[     590ms] [WARNING] Attempting to re-define c4d-link-with-icon @ https://www.ibm.com/etc.clientlibs/adobe-cms/clientlibs/clientlib-cta-block.lc-268551b37907f567530d24158d82cf98-lc.min.js:1
[     591ms] [WARNING] Attempting to re-define cds-button @ https://www.ibm.com/etc.clientlibs/adobe-cms/clientlibs/clientlib-cta-block.lc-268551b37907f567530d24158d82cf98-lc.min.js:1
[     591ms] [WARNING] Attempting to re-define c4d-button @ https://www.ibm.com/etc.clientlibs/adobe-cms/clientlibs/clientlib-cta-block.lc-268551b37907f567530d24158d82cf98-lc.min.js:1
[     591ms] [WARNING] Attempting to re-define c4d-button-group @ https://www.ibm.com/etc.clientlibs/adobe-cms/clientlibs/clientlib-cta-block.lc-268551b37907f567530d24158d82cf98-lc.min.js:1
[     591ms] [WARNING] Attempting to re-define c4d-button-group-item @ https://www.ibm.com/etc.clientlibs/adobe-cms/clientlibs/clientlib-cta-block.lc-268551b37907f567530d24158d82cf98-lc.min.js:1
[     594ms] [WARNING] The cta-block component has been deprecated in favor of the content-section/block and content-item components. See content-section/block and content-items documentation for more information. @ https://www.ibm.com/etc.clientlibs/adobe-cms/clientlibs/clientlib-cta-block.lc-268551b37907f567530d24158d82cf98-lc.min.js:210
[     594ms] [WARNING] The cta-block-item-row component has been deprecated in favor of the content-section/block and content-item components. See content-section/block and content-items documentation for more information. @ https://www.ibm.com/etc.clientlibs/adobe-cms/clientlibs/clientlib-cta-block.lc-268551b37907f567530d24158d82cf98-lc.min.js:210
[     599ms] [WARNING] The cta-block-item component has been deprecated in favor of the content-section/block and content-item components. See content-section/block and content-items documentation for more information. @ https://www.ibm.com/etc.clientlibs/adobe-cms/clientlibs/clientlib-cta-block.lc-268551b37907f567530d24158d82cf98-lc.min.js:230
[     599ms] [WARNING] Attempting to re-define c4d-text-cta @ https://www.ibm.com/etc.clientlibs/adobe-cms/clientlibs/clientlib-cta-block.lc-268551b37907f567530d24158d82cf98-lc.min.js:1
[     599ms] [WARNING] The c4d-feature-cta component has been deprecated. All its features have been absorbed into
  the base c4d-feature-card component. See migration guide for more information. @ https://www.ibm.com/etc.clientlibs/adobe-cms/clientlibs/clientlib-cta-block.lc-268551b37907f567530d24158d82cf98-lc.min.js:239
[     610ms] [WARNING] Attempting to re-define c4d-content-item @ https://www.ibm.com/etc.clientlibs/adobe-cms/clientlibs/clientlib-content-item.lc-03de0bb71756db0bfcd670d4d5b12152-lc.min.js:1
[     610ms] [WARNING] Attempting to re-define cds-link @ https://www.ibm.com/etc.clientlibs/adobe-cms/clientlibs/clientlib-content-item.lc-03de0bb71756db0bfcd670d4d5b12152-lc.min.js:1
[     610ms] [WARNING] Attempting to re-define cds-unordered-list @ https://www.ibm.com/etc.clientlibs/adobe-cms/clientlibs/clientlib-content-item.lc-03de0bb71756db0bfcd670d4d5b12152-lc.min.js:1
[     610ms] [WARNING] Attempting to re-define cds-ordered-list @ https://www.ibm.com/etc.clientlibs/adobe-cms/clientlibs/clientlib-content-item.lc-03de0bb71756db0bfcd670d4d5b12152-lc.min.js:1
[     611ms] [WARNING] Attempting to re-define cds-list-item @ https://www.ibm.com/etc.clientlibs/adobe-cms/clientlibs/clientlib-content-item.lc-03de0bb71756db0bfcd670d4d5b12152-lc.min.js:1
[     611ms] [WARNING] Attempting to re-define c4d-markdown @ https://www.ibm.com/etc.clientlibs/adobe-cms/clientlibs/clientlib-content-item.lc-03de0bb71756db0bfcd670d4d5b12152-lc.min.js:1
[     611ms] [WARNING] Attempting to re-define c4d-content-item-paragraph @ https://www.ibm.com/etc.clientlibs/adobe-cms/clientlibs/clientlib-content-item.lc-03de0bb71756db0bfcd670d4d5b12152-lc.min.js:1
[     611ms] [WARNING] Attempting to re-define c4d-content-item-copy @ https://www.ibm.com/etc.clientlibs/adobe-cms/clientlibs/clientlib-content-item.lc-03de0bb71756db0bfcd670d4d5b12152-lc.min.js:1
[     611ms] [WARNING] Attempting to re-define c4d-content-item-heading @ https://www.ibm.com/etc.clientlibs/adobe-cms/clientlibs/clientlib-content-item.lc-03de0bb71756db0bfcd670d4d5b12152-lc.min.js:1
[     611ms] [WARNING] Attempting to re-define c4d-link-with-icon @ https://www.ibm.com/etc.clientlibs/adobe-cms/clientlibs/clientlib-content-item.lc-03de0bb71756db0bfcd670d4d5b12152-lc.min.js:1
[     627ms] [WARNING] Attempting to re-define cds-dropdown @ https://www.ibm.com/etc.clientlibs/adobe-cms/clientlibs/clientlib-footer.lc-c0e770f41f13e5283cf7a30f86b8ed56-lc.min.js:1
[     628ms] [WARNING] Attempting to re-define c4d-expressive-modal @ https://www.ibm.com/etc.clientlibs/adobe-cms/clientlibs/clientlib-footer.lc-c0e770f41f13e5283cf7a30f86b8ed56-lc.min.js:1
[     628ms] [WARNING] Attempting to re-define cds-modal-close-button @ https://www.ibm.com/etc.clientlibs/adobe-cms/clientlibs/clientlib-footer.lc-c0e770f41f13e5283cf7a30f86b8ed56-lc.min.js:1
[     628ms] [WARNING] Attempting to re-define c4d-expressive-modal-close-button @ https://www.ibm.com/etc.clientlibs/adobe-cms/clientlibs/clientlib-footer.lc-c0e770f41f13e5283cf7a30f86b8ed56-lc.min.js:1
[     628ms] [WARNING] Attempting to re-define cds-link @ https://www.ibm.com/etc.clientlibs/adobe-cms/clientlibs/clientlib-footer.lc-c0e770f41f13e5283cf7a30f86b8ed56-lc.min.js:1
[     629ms] [WARNING] Attempting to re-define c4d-link-with-icon @ https://www.ibm.com/etc.clientlibs/adobe-cms/clientlibs/clientlib-footer.lc-c0e770f41f13e5283cf7a30f86b8ed56-lc.min.js:1
[     629ms] [WARNING] Attempting to re-define c4d-card @ https://www.ibm.com/etc.clientlibs/adobe-cms/clientlibs/clientlib-footer.lc-c0e770f41f13e5283cf7a30f86b8ed56-lc.min.js:1
[     630ms] [WARNING] Attempting to re-define c4d-card-heading @ https://www.ibm.com/etc.clientlibs/adobe-cms/clientlibs/clientlib-footer.lc-c0e770f41f13e5283cf7a30f86b8ed56-lc.min.js:1
[     630ms] [WARNING] Attempting to re-define c4d-card-footer @ https://www.ibm.com/etc.clientlibs/adobe-cms/clientlibs/clientlib-footer.lc-c0e770f41f13e5283cf7a30f86b8ed56-lc.min.js:1
[     639ms] [WARNING] <c4d-footer>: locale-button slot is deprecated and will be removed. @ https://www.ibm.com/etc.clientlibs/adobe-cms/clientlibs/clientlib-footer.lc-c0e770f41f13e5283cf7a30f86b8ed56-lc.min.js:16
[     644ms] [WARNING] Attempting to re-define cds-popover @ https://www.ibm.com/etc.clientlibs/adobe-cms/clientlibs/clientlib-cweb-code-snippet.lc-24f99d6b7c4ddaab098e859bb80a2bd4-lc.min.js:1
[     644ms] [WARNING] Attempting to re-define cds-popover-content @ https://www.ibm.com/etc.clientlibs/adobe-cms/clientlibs/clientlib-cweb-code-snippet.lc-24f99d6b7c4ddaab098e859bb80a2bd4-lc.min.js:1
[     644ms] [WARNING] Attempting to re-define cds-tooltip @ https://www.ibm.com/etc.clientlibs/adobe-cms/clientlibs/clientlib-cweb-code-snippet.lc-24f99d6b7c4ddaab098e859bb80a2bd4-lc.min.js:1
[     644ms] [WARNING] Attempting to re-define cds-button @ https://www.ibm.com/etc.clientlibs/adobe-cms/clientlibs/clientlib-cweb-code-snippet.lc-24f99d6b7c4ddaab098e859bb80a2bd4-lc.min.js:1
[     661ms] [WARNING] Warning: c4d-masthead's "navLinks" property is deprecated. Use "l0Data" property instead. @ https://www.ibm.com/etc.clientlibs/adobe-cms/clientlibs/clientlib-masthead-container.lc-6add6201fbad7c7de364061631efbdb6-lc.min.js:1272
[     661ms] [WARNING] Warning: c4d-masthead's "navLinks" property is deprecated. Use "l0Data" property instead. @ https://www.ibm.com/etc.clientlibs/adobe-cms/clientlibs/clientlib-masthead-container.lc-6add6201fbad7c7de364061631efbdb6-lc.min.js:1272
[     701ms] [LOG] Smartling Context Tracker is enabled. @ https://d2c7xlmseob604.cloudfront.net/tracker.min.js:0
[     759ms] [LOG] Fetched Data: {categories: Array(1)} @ https://www.ibm.com/etc.clientlibs/adobe-cms/clientlibs/clientlib-new-design.lc-5e838b2bcba17c567d4bc7353c1b8760-lc.min.js:2
[     841ms] [LOG] Page event called @ https://cloud.ibm.com/analytics/build/bluemix-analytics.min.js:1
[     967ms] [LOG] webchat bundle deploy timestamp 20260624-171047 @ https://1.www.s81c.com/cognitive-tooling-unified-chat/v1/webchat.bundle.js:7
[     967ms] [LOG] webchat bundle commit d467766143ebb10303719d84867ff491cabb0619 @ https://1.www.s81c.com/cognitive-tooling-unified-chat/v1/webchat.bundle.js:7
[    1010ms] [WARNING] Warning: c4d-masthead's "navLinks" property is deprecated. Use "l0Data" property instead. @ https://www.ibm.com/etc.clientlibs/adobe-cms/clientlibs/clientlib-masthead-container.lc-6add6201fbad7c7de364061631efbdb6-lc.min.js:1272
[    5817ms] [WARNING] The resource https://www.ibm.com/content/adobe-cms/us/en/products/cloudant/jcr:content/root/leadspace_container/leadspace/image.coreimg.jpeg/1779801751448/058_Dallas%20Data%20Center.jpg was preloaded using link preload but not used within a few seconds from the window's load event. Please make sure it has an appropriate `as` value and it is preloaded intentionally. @ https://www.ibm.com/products/cloudant:0
[    8851ms] [WARNING] The resource https://www.ibm.com/content/adobe-cms/us/en/products/cloudant/jcr:content/root/leadspace_container/leadspace/image.coreimg.jpeg/1779801751448/058_Dallas%20Data%20Center.jpg was preloaded using link preload but not used within a few seconds from the window's load event. Please make sure it has an appropriate `as` value and it is preloaded intentionally. @ https://www.ibm.com/products/cloudant:0
[   20468ms] [WARNING] The resource https://www.ibm.com/content/adobe-cms/us/en/products/cloudant/jcr:content/root/leadspace_container/leadspace/image.coreimg.jpeg/1779801751448/058_Dallas%20Data%20Center.jpg was preloaded using link preload but not used within a few seconds from the window's load event. Please make sure it has an appropriate `as` value and it is preloaded intentionally. @ https://www.ibm.com/products/cloudant:0
[   85602ms] [WARNING] The resource https://www.ibm.com/content/adobe-cms/us/en/products/cloudant/jcr:content/root/leadspace_container/leadspace/image.coreimg.jpeg/1779801751448/058_Dallas%20Data%20Center.jpg was preloaded using link preload but not used within a few seconds from the window's load event. Please make sure it has an appropriate `as` value and it is preloaded intentionally. @ https://www.ibm.com/products/cloudant:0
[  195729ms] [WARNING] The resource https://www.ibm.com/content/adobe-cms/us/en/products/cloudant/jcr:content/root/leadspace_container/leadspace/image.coreimg.jpeg/1779801751448/058_Dallas%20Data%20Center.jpg was preloaded using link preload but not used within a few seconds from the window's load event. Please make sure it has an appropriate `as` value and it is preloaded intentionally. @ https://www.ibm.com/products/cloudant:0
[  376326ms] [ERROR] Failed to load resource: net::ERR_INTERNET_DISCONNECTED @ https://bat.bing.com/p/conversions/c/n:0
[  376335ms] [ERROR] Failed to load resource: net::ERR_INTERNET_DISCONNECTED @ https://bat.bing.com/p/conversions/c/n:0
[  376337ms] [ERROR] Failed to load resource: net::ERR_INTERNET_DISCONNECTED @ https://bat.bing.com/p/conversions/c/n:0
[  376338ms] [ERROR] Failed to load resource: net::ERR_INTERNET_DISCONNECTED @ https://bat.bing.com/p/conversions/c/n:0
[  377842ms] [ERROR] Failed to load resource: net::ERR_INTERNET_DISCONNECTED @ https://n.clarity.ms/collect:0
[  377853ms] [ERROR] Failed to load resource: net::ERR_INTERNET_DISCONNECTED @ https://n.clarity.ms/collect:0
[  377855ms] [ERROR] Failed to load resource: net::ERR_INTERNET_DISCONNECTED @ https://n.clarity.ms/collect:0
[  377855ms] [ERROR] Failed to load resource: net::ERR_INTERNET_DISCONNECTED @ https://n.clarity.ms/collect:0
[  380856ms] [WARNING] The resource https://www.ibm.com/content/adobe-cms/us/en/products/cloudant/jcr:content/root/leadspace_container/leadspace/image.coreimg.jpeg/1779801751448/058_Dallas%20Data%20Center.jpg was preloaded using link preload but not used within a few seconds from the window's load event. Please make sure it has an appropriate `as` value and it is preloaded intentionally. @ https://www.ibm.com/products/cloudant:0
[74134368ms] [WARNING] The resource https://www.ibm.com/content/adobe-cms/us/en/products/cloudant/jcr:content/root/leadspace_container/leadspace/image.coreimg.jpeg/1779801751448/058_Dallas%20Data%20Center.jpg was preloaded using link preload but not used within a few seconds from the window's load event. Please make sure it has an appropriate `as` value and it is preloaded intentionally. @ https://www.ibm.com/products/cloudant:0
