[     308ms] [LOG] Going to iterate over instancesSettings @ https://assets.adobedtm.com/0f2de1d5b89a/565c2aeb0d39/launch-560e54b3e83c.min.js:15
[     458ms] [ERROR] Failed to load resource: the server responded with a status of 404 () @ https://www.ibm.com/content/adobe-cms/us/en/products/watsonx-ai/pricing/jcr:content/root/leadspace_container/leadspace/image.coreimg.jpeg/1781268487653/ai.jpg:0
[     997ms] [WARNING] Adobe Client Data Layer v2.0.2 has already been imported/initialized on this page. You may be erroneously loading it a second time. @ https://www.ibm.com/etc.clientlibs/core/wcm/components/commons/datalayer/v1/clientlibs/core.wcm.components.commons.datalayer.v1.lc-70264651675213ed7f7cc5a02a00f621-lc.min.js:57
[    1164ms] [WARNING] Warning: c4d-masthead's "navLinks" property is deprecated. Use "l0Data" property instead. @ https://www.ibm.com/etc.clientlibs/adobe-cms/clientlibs/clientlib-masthead-container.lc-7dce7de0786a01feb617055aa1e84f2b-lc.min.js:1272
[    1164ms] [WARNING] Warning: c4d-masthead's "navLinks" property is deprecated. Use "l0Data" property instead. @ https://www.ibm.com/etc.clientlibs/adobe-cms/clientlibs/clientlib-masthead-container.lc-7dce7de0786a01feb617055aa1e84f2b-lc.min.js:1272
[    1204ms] [WARNING] Warning: c4d-masthead's "navLinks" property is deprecated. Use "l0Data" property instead. @ https://www.ibm.com/etc.clientlibs/adobe-cms/clientlibs/clientlib-masthead-container.lc-7dce7de0786a01feb617055aa1e84f2b-lc.min.js:1272
[    1205ms] [WARNING] Warning: c4d-masthead's "navLinks" property is deprecated. Use "l0Data" property instead. @ https://www.ibm.com/etc.clientlibs/adobe-cms/clientlibs/clientlib-masthead-container.lc-7dce7de0786a01feb617055aa1e84f2b-lc.min.js:1272
[    1205ms] [WARNING] Warning: c4d-masthead's "navLinks" property is deprecated. Use "l0Data" property instead. @ https://www.ibm.com/etc.clientlibs/adobe-cms/clientlibs/clientlib-masthead-container.lc-7dce7de0786a01feb617055aa1e84f2b-lc.min.js:1272
[    1205ms] [WARNING] Warning: c4d-masthead's "navLinks" property is deprecated. Use "l0Data" property instead. @ https://www.ibm.com/etc.clientlibs/adobe-cms/clientlibs/clientlib-masthead-container.lc-7dce7de0786a01feb617055aa1e84f2b-lc.min.js:1272
[    1205ms] [WARNING] Warning: c4d-masthead's "navLinks" property is deprecated. Use "l0Data" property instead. @ https://www.ibm.com/etc.clientlibs/adobe-cms/clientlibs/clientlib-masthead-container.lc-7dce7de0786a01feb617055aa1e84f2b-lc.min.js:1272
[    1205ms] [WARNING] Warning: c4d-masthead's "navLinks" property is deprecated. Use "l0Data" property instead. @ https://www.ibm.com/etc.clientlibs/adobe-cms/clientlibs/clientlib-masthead-container.lc-7dce7de0786a01feb617055aa1e84f2b-lc.min.js:1272
[    1229ms] [WARNING] Attempting to re-define cds-button @ https://www.ibm.com/etc.clientlibs/adobe-cms/clientlibs/clientlib-lightbox-media-viewer.lc-c06ce604fdb8bef5542b8eb135576513-lc.min.js:37
[    1229ms] [WARNING] Attempting to re-define c4d-button @ https://www.ibm.com/etc.clientlibs/adobe-cms/clientlibs/clientlib-lightbox-media-viewer.lc-c06ce604fdb8bef5542b8eb135576513-lc.min.js:37
[    1261ms] [WARNING] Attempting to re-define cds-button @ https://www.ibm.com/etc.clientlibs/adobe-cms/clientlibs/clientlib-button-group.lc-9953379d20f11db07e9e4030e4e76d83-lc.min.js:1
[    1261ms] [WARNING] Attempting to re-define c4d-button @ https://www.ibm.com/etc.clientlibs/adobe-cms/clientlibs/clientlib-button-group.lc-9953379d20f11db07e9e4030e4e76d83-lc.min.js:1
[    1283ms] [WARNING] Attempting to re-define c4d-expressive-modal @ https://www.ibm.com/etc.clientlibs/adobe-cms/clientlibs/clientlib-background-media.lc-bf005ffc2fa304b7b32a605e4e3b3606-lc.min.js:1
[    1283ms] [WARNING] Attempting to re-define cds-modal-close-button @ https://www.ibm.com/etc.clientlibs/adobe-cms/clientlibs/clientlib-background-media.lc-bf005ffc2fa304b7b32a605e4e3b3606-lc.min.js:1
[    1283ms] [WARNING] Attempting to re-define c4d-expressive-modal-close-button @ https://www.ibm.com/etc.clientlibs/adobe-cms/clientlibs/clientlib-background-media.lc-bf005ffc2fa304b7b32a605e4e3b3606-lc.min.js:1
[    1283ms] [WARNING] Attempting to re-define c4d-lightbox-image-viewer @ https://www.ibm.com/etc.clientlibs/adobe-cms/clientlibs/clientlib-background-media.lc-bf005ffc2fa304b7b32a605e4e3b3606-lc.min.js:1
[    1284ms] [WARNING] Attempting to re-define cds-button @ https://www.ibm.com/etc.clientlibs/adobe-cms/clientlibs/clientlib-background-media.lc-bf005ffc2fa304b7b32a605e4e3b3606-lc.min.js:1
[    1285ms] [WARNING] Attempting to re-define c4d-button @ https://www.ibm.com/etc.clientlibs/adobe-cms/clientlibs/clientlib-background-media.lc-bf005ffc2fa304b7b32a605e4e3b3606-lc.min.js:1
[    1285ms] [WARNING] Attempting to re-define c4d-image @ https://www.ibm.com/etc.clientlibs/adobe-cms/clientlibs/clientlib-background-media.lc-bf005ffc2fa304b7b32a605e4e3b3606-lc.min.js:1
[    1292ms] [LOG] false @ https://www.ibm.com/etc.clientlibs/adobe-cms/clientlibs/clientlib-background-media.lc-bf005ffc2fa304b7b32a605e4e3b3606-lc.min.js:295
[    1329ms] [WARNING] Attempting to re-define cds-button @ https://www.ibm.com/etc.clientlibs/adobe-cms/clientlibs/clientlib-cibm-cta.lc-b8e722d3e71b298d58d5323adaf46dbb-lc.min.js:1
[    1329ms] [WARNING] Attempting to re-define c4d-button @ https://www.ibm.com/etc.clientlibs/adobe-cms/clientlibs/clientlib-cibm-cta.lc-b8e722d3e71b298d58d5323adaf46dbb-lc.min.js:1
[    1329ms] [WARNING] Attempting to re-define c4d-button-group-item @ https://www.ibm.com/etc.clientlibs/adobe-cms/clientlibs/clientlib-cibm-cta.lc-b8e722d3e71b298d58d5323adaf46dbb-lc.min.js:1
[    1330ms] [WARNING] The c4d-buton-cta component has been deprecated. All its features have been absorbed into
  the base c4d-button component. See migration guide for more information. @ https://www.ibm.com/etc.clientlibs/adobe-cms/clientlibs/clientlib-cibm-cta.lc-b8e722d3e71b298d58d5323adaf46dbb-lc.min.js:79
[    1330ms] [WARNING] Attempting to re-define cds-link @ https://www.ibm.com/etc.clientlibs/adobe-cms/clientlibs/clientlib-cibm-cta.lc-b8e722d3e71b298d58d5323adaf46dbb-lc.min.js:1
[    1332ms] [WARNING] Attempting to re-define c4d-expressive-modal @ https://www.ibm.com/etc.clientlibs/adobe-cms/clientlibs/clientlib-cibm-cta.lc-b8e722d3e71b298d58d5323adaf46dbb-lc.min.js:1
[    1332ms] [WARNING] Attempting to re-define cds-modal-close-button @ https://www.ibm.com/etc.clientlibs/adobe-cms/clientlibs/clientlib-cibm-cta.lc-b8e722d3e71b298d58d5323adaf46dbb-lc.min.js:1
[    1332ms] [WARNING] Attempting to re-define c4d-expressive-modal-close-button @ https://www.ibm.com/etc.clientlibs/adobe-cms/clientlibs/clientlib-cibm-cta.lc-b8e722d3e71b298d58d5323adaf46dbb-lc.min.js:1
[    1332ms] [WARNING] Attempting to re-define c4d-lightbox-image-viewer @ https://www.ibm.com/etc.clientlibs/adobe-cms/clientlibs/clientlib-cibm-cta.lc-b8e722d3e71b298d58d5323adaf46dbb-lc.min.js:1
[    1333ms] [WARNING] Attempting to re-define c4d-image @ https://www.ibm.com/etc.clientlibs/adobe-cms/clientlibs/clientlib-cibm-cta.lc-b8e722d3e71b298d58d5323adaf46dbb-lc.min.js:1
[    1333ms] [WARNING] The c4d-card-cta component has been deprecated. All its features have been absorbed into
  the base c4d-card component. See migration guide for more information. @ https://www.ibm.com/etc.clientlibs/adobe-cms/clientlibs/clientlib-cibm-cta.lc-b8e722d3e71b298d58d5323adaf46dbb-lc.min.js:359
[    1333ms] [WARNING] The card-link component has been deprecated in favor of the card (link variant) component. See card documentation for more information. @ https://www.ibm.com/etc.clientlibs/adobe-cms/clientlibs/clientlib-cibm-cta.lc-b8e722d3e71b298d58d5323adaf46dbb-lc.min.js:359
[    1333ms] [WARNING] The c4d-feature-cta component has been deprecated. All its features have been absorbed into
  the base c4d-feature-card component. See migration guide for more information. @ https://www.ibm.com/etc.clientlibs/adobe-cms/clientlibs/clientlib-cibm-cta.lc-b8e722d3e71b298d58d5323adaf46dbb-lc.min.js:379
[    1338ms] [WARNING] The c4d-feature-cta component has been deprecated. All its features have been absorbed into
  the base c4d-feature-card component. See migration guide for more information. @ https://www.ibm.com/etc.clientlibs/adobe-cms/clientlibs/clientlib-cibm-cta.lc-b8e722d3e71b298d58d5323adaf46dbb-lc.min.js:383
[    1339ms] [WARNING] Attempting to re-define c4d-video-player-v7 @ https://www.ibm.com/etc.clientlibs/adobe-cms/clientlibs/clientlib-cibm-cta.lc-b8e722d3e71b298d58d5323adaf46dbb-lc.min.js:1
[    1339ms] [WARNING] Attempting to re-define c4d-video-player-composite-v7 @ https://www.ibm.com/etc.clientlibs/adobe-cms/clientlibs/clientlib-cibm-cta.lc-b8e722d3e71b298d58d5323adaf46dbb-lc.min.js:1
[    1341ms] [WARNING] Attempting to re-define c4d-video-player-container-v7 @ https://www.ibm.com/etc.clientlibs/adobe-cms/clientlibs/clientlib-cibm-cta.lc-b8e722d3e71b298d58d5323adaf46dbb-lc.min.js:1
[    1341ms] [WARNING] Attempting to re-define c4d-lightbox-video-player @ https://www.ibm.com/etc.clientlibs/adobe-cms/clientlibs/clientlib-cibm-cta.lc-b8e722d3e71b298d58d5323adaf46dbb-lc.min.js:1
[    1341ms] [WARNING] Attempting to re-define c4d-lightbox-video-player-composite @ https://www.ibm.com/etc.clientlibs/adobe-cms/clientlibs/clientlib-cibm-cta.lc-b8e722d3e71b298d58d5323adaf46dbb-lc.min.js:1
[    1342ms] [WARNING] The c4d-cta component has been deprecated in favor of the c4d-card, c4d-feature-card, c4d-link-with-icon,
  and c4d-button-group. See migration guide for more information. @ https://www.ibm.com/etc.clientlibs/adobe-cms/clientlibs/clientlib-cibm-cta.lc-b8e722d3e71b298d58d5323adaf46dbb-lc.min.js:508
[    1369ms] [WARNING] Attempting to re-define cds-link @ https://www.ibm.com/etc.clientlibs/adobe-cms/clientlibs/clientlib-link-list.lc-30f13808d1726fab13c949ff0a0e4ffd-lc.min.js:1
[    1370ms] [WARNING] Attempting to re-define c4d-link-with-icon @ https://www.ibm.com/etc.clientlibs/adobe-cms/clientlibs/clientlib-link-list.lc-30f13808d1726fab13c949ff0a0e4ffd-lc.min.js:1
[    1396ms] [WARNING] Attempting to re-define cds-link @ https://www.ibm.com/etc.clientlibs/adobe-cms/clientlibs/clientlib-cta-block.lc-3730efd60b2388b436cda349cf01d801-lc.min.js:1
[    1403ms] [WARNING] Attempting to re-define c4d-link-with-icon @ https://www.ibm.com/etc.clientlibs/adobe-cms/clientlibs/clientlib-cta-block.lc-3730efd60b2388b436cda349cf01d801-lc.min.js:1
[    1403ms] [WARNING] Attempting to re-define cds-button @ https://www.ibm.com/etc.clientlibs/adobe-cms/clientlibs/clientlib-cta-block.lc-3730efd60b2388b436cda349cf01d801-lc.min.js:1
[    1403ms] [WARNING] Attempting to re-define c4d-button @ https://www.ibm.com/etc.clientlibs/adobe-cms/clientlibs/clientlib-cta-block.lc-3730efd60b2388b436cda349cf01d801-lc.min.js:1
[    1403ms] [WARNING] Attempting to re-define c4d-button-group @ https://www.ibm.com/etc.clientlibs/adobe-cms/clientlibs/clientlib-cta-block.lc-3730efd60b2388b436cda349cf01d801-lc.min.js:1
[    1403ms] [WARNING] Attempting to re-define c4d-button-group-item @ https://www.ibm.com/etc.clientlibs/adobe-cms/clientlibs/clientlib-cta-block.lc-3730efd60b2388b436cda349cf01d801-lc.min.js:1
[    1406ms] [WARNING] The cta-block component has been deprecated in favor of the content-section/block and content-item components. See content-section/block and content-items documentation for more information. @ https://www.ibm.com/etc.clientlibs/adobe-cms/clientlibs/clientlib-cta-block.lc-3730efd60b2388b436cda349cf01d801-lc.min.js:210
[    1406ms] [WARNING] The cta-block-item-row component has been deprecated in favor of the content-section/block and content-item components. See content-section/block and content-items documentation for more information. @ https://www.ibm.com/etc.clientlibs/adobe-cms/clientlibs/clientlib-cta-block.lc-3730efd60b2388b436cda349cf01d801-lc.min.js:210
[    1411ms] [WARNING] The cta-block-item component has been deprecated in favor of the content-section/block and content-item components. See content-section/block and content-items documentation for more information. @ https://www.ibm.com/etc.clientlibs/adobe-cms/clientlibs/clientlib-cta-block.lc-3730efd60b2388b436cda349cf01d801-lc.min.js:230
[    1411ms] [WARNING] Attempting to re-define c4d-text-cta @ https://www.ibm.com/etc.clientlibs/adobe-cms/clientlibs/clientlib-cta-block.lc-3730efd60b2388b436cda349cf01d801-lc.min.js:1
[    1411ms] [WARNING] The c4d-feature-cta component has been deprecated. All its features have been absorbed into
  the base c4d-feature-card component. See migration guide for more information. @ https://www.ibm.com/etc.clientlibs/adobe-cms/clientlibs/clientlib-cta-block.lc-3730efd60b2388b436cda349cf01d801-lc.min.js:239
[    1425ms] [WARNING] Attempting to re-define c4d-content-block @ https://www.ibm.com/etc.clientlibs/adobe-cms/clientlibs/clientlib-content-block.lc-a8c15244746520e454af3260b5ac4e56-lc.min.js:1
[    1425ms] [WARNING] Attempting to re-define c4d-content-block-complementary @ https://www.ibm.com/etc.clientlibs/adobe-cms/clientlibs/clientlib-content-block.lc-a8c15244746520e454af3260b5ac4e56-lc.min.js:1
[    1425ms] [WARNING] Attempting to re-define cds-link @ https://www.ibm.com/etc.clientlibs/adobe-cms/clientlibs/clientlib-content-block.lc-a8c15244746520e454af3260b5ac4e56-lc.min.js:1
[    1426ms] [WARNING] Attempting to re-define cds-unordered-list @ https://www.ibm.com/etc.clientlibs/adobe-cms/clientlibs/clientlib-content-block.lc-a8c15244746520e454af3260b5ac4e56-lc.min.js:1
[    1426ms] [WARNING] Attempting to re-define cds-ordered-list @ https://www.ibm.com/etc.clientlibs/adobe-cms/clientlibs/clientlib-content-block.lc-a8c15244746520e454af3260b5ac4e56-lc.min.js:1
[    1426ms] [WARNING] Attempting to re-define cds-list-item @ https://www.ibm.com/etc.clientlibs/adobe-cms/clientlibs/clientlib-content-block.lc-a8c15244746520e454af3260b5ac4e56-lc.min.js:1
[    1426ms] [WARNING] Attempting to re-define c4d-markdown @ https://www.ibm.com/etc.clientlibs/adobe-cms/clientlibs/clientlib-content-block.lc-a8c15244746520e454af3260b5ac4e56-lc.min.js:1
[    1426ms] [WARNING] Attempting to re-define c4d-content-block-paragraph @ https://www.ibm.com/etc.clientlibs/adobe-cms/clientlibs/clientlib-content-block.lc-a8c15244746520e454af3260b5ac4e56-lc.min.js:1
[    1426ms] [WARNING] Attempting to re-define c4d-content-block-copy @ https://www.ibm.com/etc.clientlibs/adobe-cms/clientlibs/clientlib-content-block.lc-a8c15244746520e454af3260b5ac4e56-lc.min.js:1
[    1426ms] [WARNING] Attempting to re-define c4d-content-block-heading @ https://www.ibm.com/etc.clientlibs/adobe-cms/clientlibs/clientlib-content-block.lc-a8c15244746520e454af3260b5ac4e56-lc.min.js:1
[    1448ms] [WARNING] Attempting to re-define cds-button @ https://www.ibm.com/etc.clientlibs/adobe-cms/clientlibs/clientlib-pricing-table.lc-5ee3e32bcb34ed80f6c0ad93ef9733fb-lc.min.js:1
[    1448ms] [WARNING] Attempting to re-define c4d-button @ https://www.ibm.com/etc.clientlibs/adobe-cms/clientlibs/clientlib-pricing-table.lc-5ee3e32bcb34ed80f6c0ad93ef9733fb-lc.min.js:1
[    1448ms] [WARNING] Attempting to re-define c4d-button-group-item @ https://www.ibm.com/etc.clientlibs/adobe-cms/clientlibs/clientlib-pricing-table.lc-5ee3e32bcb34ed80f6c0ad93ef9733fb-lc.min.js:1
[    1448ms] [WARNING] Attempting to re-define c4d-button-cta @ https://www.ibm.com/etc.clientlibs/adobe-cms/clientlibs/clientlib-pricing-table.lc-5ee3e32bcb34ed80f6c0ad93ef9733fb-lc.min.js:1
[    1448ms] [WARNING] The c4d-buton-cta component has been deprecated. All its features have been absorbed into
  the base c4d-button component. See migration guide for more information. @ https://www.ibm.com/etc.clientlibs/adobe-cms/clientlibs/clientlib-pricing-table.lc-5ee3e32bcb34ed80f6c0ad93ef9733fb-lc.min.js:146
[    1450ms] [WARNING] The tag-link component has been deprecated in favor of using cds-tag components. See cds-tag documentation in @carbon/web-components for more information. @ https://www.ibm.com/etc.clientlibs/adobe-cms/clientlibs/clientlib-pricing-table.lc-5ee3e32bcb34ed80f6c0ad93ef9733fb-lc.min.js:160
[    1516ms] [WARNING] Attempting to re-define cds-button @ https://1.www.s81c.com/common/carbon/web-components/version/v2.21.0/carbon-element-017b212d.js:82
[    1518ms] [WARNING] Attempting to re-define cds-modal-close-button @ https://1.www.s81c.com/common/carbon/web-components/version/v2.21.0/carbon-element-017b212d.js:82
[    1530ms] [WARNING] Attempting to re-define c4d-content-item @ https://www.ibm.com/etc.clientlibs/adobe-cms/clientlibs/clientlib-content-item.lc-91c373e838d049fb64865480c4034762-lc.min.js:1
[    1531ms] [WARNING] Attempting to re-define cds-link @ https://www.ibm.com/etc.clientlibs/adobe-cms/clientlibs/clientlib-content-item.lc-91c373e838d049fb64865480c4034762-lc.min.js:1
[    1531ms] [WARNING] Attempting to re-define cds-unordered-list @ https://www.ibm.com/etc.clientlibs/adobe-cms/clientlibs/clientlib-content-item.lc-91c373e838d049fb64865480c4034762-lc.min.js:1
[    1531ms] [WARNING] Attempting to re-define cds-ordered-list @ https://www.ibm.com/etc.clientlibs/adobe-cms/clientlibs/clientlib-content-item.lc-91c373e838d049fb64865480c4034762-lc.min.js:1
[    1531ms] [WARNING] Attempting to re-define cds-list-item @ https://www.ibm.com/etc.clientlibs/adobe-cms/clientlibs/clientlib-content-item.lc-91c373e838d049fb64865480c4034762-lc.min.js:1
[    1531ms] [WARNING] Attempting to re-define c4d-markdown @ https://www.ibm.com/etc.clientlibs/adobe-cms/clientlibs/clientlib-content-item.lc-91c373e838d049fb64865480c4034762-lc.min.js:1
[    1531ms] [WARNING] Attempting to re-define c4d-content-item-paragraph @ https://www.ibm.com/etc.clientlibs/adobe-cms/clientlibs/clientlib-content-item.lc-91c373e838d049fb64865480c4034762-lc.min.js:1
[    1531ms] [WARNING] Attempting to re-define c4d-content-item-copy @ https://www.ibm.com/etc.clientlibs/adobe-cms/clientlibs/clientlib-content-item.lc-91c373e838d049fb64865480c4034762-lc.min.js:1
[    1532ms] [WARNING] Attempting to re-define c4d-content-item-heading @ https://www.ibm.com/etc.clientlibs/adobe-cms/clientlibs/clientlib-content-item.lc-91c373e838d049fb64865480c4034762-lc.min.js:1
[    1532ms] [WARNING] Attempting to re-define c4d-link-with-icon @ https://www.ibm.com/etc.clientlibs/adobe-cms/clientlibs/clientlib-content-item.lc-91c373e838d049fb64865480c4034762-lc.min.js:1
[    1633ms] [WARNING] Attempting to re-define cds-dropdown @ https://www.ibm.com/etc.clientlibs/adobe-cms/clientlibs/clientlib-footer.lc-354fe046afc4de7788e345566e63ecf5-lc.min.js:1
[    1633ms] [WARNING] Attempting to re-define c4d-expressive-modal @ https://www.ibm.com/etc.clientlibs/adobe-cms/clientlibs/clientlib-footer.lc-354fe046afc4de7788e345566e63ecf5-lc.min.js:1
[    1633ms] [WARNING] Attempting to re-define cds-modal-header @ https://www.ibm.com/etc.clientlibs/adobe-cms/clientlibs/clientlib-footer.lc-354fe046afc4de7788e345566e63ecf5-lc.min.js:1
[    1633ms] [WARNING] Attempting to re-define cds-modal-heading @ https://www.ibm.com/etc.clientlibs/adobe-cms/clientlibs/clientlib-footer.lc-354fe046afc4de7788e345566e63ecf5-lc.min.js:1
[    1633ms] [WARNING] Attempting to re-define cds-modal-close-button @ https://www.ibm.com/etc.clientlibs/adobe-cms/clientlibs/clientlib-footer.lc-354fe046afc4de7788e345566e63ecf5-lc.min.js:1
[    1634ms] [WARNING] Attempting to re-define c4d-expressive-modal-close-button @ https://www.ibm.com/etc.clientlibs/adobe-cms/clientlibs/clientlib-footer.lc-354fe046afc4de7788e345566e63ecf5-lc.min.js:1
[    1634ms] [WARNING] Attempting to re-define cds-link @ https://www.ibm.com/etc.clientlibs/adobe-cms/clientlibs/clientlib-footer.lc-354fe046afc4de7788e345566e63ecf5-lc.min.js:1
[    1634ms] [WARNING] Attempting to re-define c4d-link-with-icon @ https://www.ibm.com/etc.clientlibs/adobe-cms/clientlibs/clientlib-footer.lc-354fe046afc4de7788e345566e63ecf5-lc.min.js:1
[    1635ms] [WARNING] Attempting to re-define c4d-card @ https://www.ibm.com/etc.clientlibs/adobe-cms/clientlibs/clientlib-footer.lc-354fe046afc4de7788e345566e63ecf5-lc.min.js:1
[    1636ms] [WARNING] Attempting to re-define c4d-card-heading @ https://www.ibm.com/etc.clientlibs/adobe-cms/clientlibs/clientlib-footer.lc-354fe046afc4de7788e345566e63ecf5-lc.min.js:1
[    1636ms] [WARNING] Attempting to re-define c4d-card-footer @ https://www.ibm.com/etc.clientlibs/adobe-cms/clientlibs/clientlib-footer.lc-354fe046afc4de7788e345566e63ecf5-lc.min.js:1
[    1659ms] [WARNING] <c4d-footer>: locale-button slot is deprecated and will be removed. @ https://www.ibm.com/etc.clientlibs/adobe-cms/clientlibs/clientlib-footer.lc-354fe046afc4de7788e345566e63ecf5-lc.min.js:16
[    1663ms] [ERROR] Refused to set unsafe header "origin" @ https://www.ibm.com/etc.clientlibs/adobe-cms/clientlibs/clientlib-footer.lc-354fe046afc4de7788e345566e63ecf5-lc.min.js:1
[    1697ms] [WARNING] Attempting to re-define c4d-expressive-modal @ https://www.ibm.com/etc.clientlibs/adobe-cms/clientlibs/clientlib-video-player-v7.lc-0b6da1e7b90e866cefd3501c49e0b7b4-lc.min.js:1
[    1698ms] [WARNING] Attempting to re-define cds-modal-close-button @ https://www.ibm.com/etc.clientlibs/adobe-cms/clientlibs/clientlib-video-player-v7.lc-0b6da1e7b90e866cefd3501c49e0b7b4-lc.min.js:1
[    1698ms] [WARNING] Attempting to re-define c4d-expressive-modal-close-button @ https://www.ibm.com/etc.clientlibs/adobe-cms/clientlibs/clientlib-video-player-v7.lc-0b6da1e7b90e866cefd3501c49e0b7b4-lc.min.js:1
[    1698ms] [WARNING] Attempting to re-define c4d-lightbox-image-viewer @ https://www.ibm.com/etc.clientlibs/adobe-cms/clientlibs/clientlib-video-player-v7.lc-0b6da1e7b90e866cefd3501c49e0b7b4-lc.min.js:1
[    1698ms] [WARNING] Attempting to re-define cds-button @ https://www.ibm.com/etc.clientlibs/adobe-cms/clientlibs/clientlib-video-player-v7.lc-0b6da1e7b90e866cefd3501c49e0b7b4-lc.min.js:1
[    1699ms] [WARNING] Attempting to re-define c4d-button @ https://www.ibm.com/etc.clientlibs/adobe-cms/clientlibs/clientlib-video-player-v7.lc-0b6da1e7b90e866cefd3501c49e0b7b4-lc.min.js:1
[    1699ms] [WARNING] Attempting to re-define c4d-image @ https://www.ibm.com/etc.clientlibs/adobe-cms/clientlibs/clientlib-video-player-v7.lc-0b6da1e7b90e866cefd3501c49e0b7b4-lc.min.js:1
[    1699ms] [WARNING] Attempting to re-define c4d-video-player-v7 @ https://www.ibm.com/etc.clientlibs/adobe-cms/clientlibs/clientlib-video-player-v7.lc-0b6da1e7b90e866cefd3501c49e0b7b4-lc.min.js:1
[    1699ms] [WARNING] Attempting to re-define c4d-video-player-composite-v7 @ https://www.ibm.com/etc.clientlibs/adobe-cms/clientlibs/clientlib-video-player-v7.lc-0b6da1e7b90e866cefd3501c49e0b7b4-lc.min.js:1
[    1701ms] [WARNING] Attempting to re-define c4d-video-player-container-v7 @ https://www.ibm.com/etc.clientlibs/adobe-cms/clientlibs/clientlib-video-player-v7.lc-0b6da1e7b90e866cefd3501c49e0b7b4-lc.min.js:1
[    1702ms] [WARNING] Attempting to re-define cds-popover @ https://www.ibm.com/etc.clientlibs/adobe-cms/clientlibs/clientlib-cweb-code-snippet.lc-24f99d6b7c4ddaab098e859bb80a2bd4-lc.min.js:1
[    1702ms] [WARNING] Attempting to re-define cds-popover-content @ https://www.ibm.com/etc.clientlibs/adobe-cms/clientlibs/clientlib-cweb-code-snippet.lc-24f99d6b7c4ddaab098e859bb80a2bd4-lc.min.js:1
[    1702ms] [WARNING] Attempting to re-define cds-tooltip @ https://www.ibm.com/etc.clientlibs/adobe-cms/clientlibs/clientlib-cweb-code-snippet.lc-24f99d6b7c4ddaab098e859bb80a2bd4-lc.min.js:1
[    1702ms] [WARNING] Attempting to re-define cds-button @ https://www.ibm.com/etc.clientlibs/adobe-cms/clientlibs/clientlib-cweb-code-snippet.lc-24f99d6b7c4ddaab098e859bb80a2bd4-lc.min.js:1
[    1738ms] [INFO] Env: ddo country detected:  us @ https://www.ibm.com/etc.clientlibs/adobe-cms/clientlibs/widgets/watsonx-ai-purchase-advisor.lc-617e1888e110a4514d5088a3b46edd57-lc.min.js:199188
[    1747ms] [LOG] Location: www.ibm.com @ https://www.ibm.com/etc.clientlibs/adobe-cms/clientlibs/widgets/watsonx-ai-purchase-advisor.lc-617e1888e110a4514d5088a3b46edd57-lc.min.js:199054
[    1748ms] [INFO] Env: Check currency file and ShortCode:  undefined @ https://www.ibm.com/etc.clientlibs/adobe-cms/clientlibs/widgets/watsonx-ai-purchase-advisor.lc-617e1888e110a4514d5088a3b46edd57-lc.min.js:199191
[    1748ms] [LOG] Env: Detected country code: us @ https://www.ibm.com/etc.clientlibs/adobe-cms/clientlibs/widgets/watsonx-ai-purchase-advisor.lc-617e1888e110a4514d5088a3b46edd57-lc.min.js:199210
[    1748ms] [LOG] Env: Set Lang: us-en  Country:  USA  Currency:  USD @ https://www.ibm.com/etc.clientlibs/adobe-cms/clientlibs/widgets/watsonx-ai-purchase-advisor.lc-617e1888e110a4514d5088a3b46edd57-lc.min.js:199219
[    1748ms] [LOG] Calculated price: 0 @ https://www.ibm.com/etc.clientlibs/adobe-cms/clientlibs/widgets/watsonx-ai-purchase-advisor.lc-617e1888e110a4514d5088a3b46edd57-lc.min.js:216610
[    1748ms] [LOG] WatsonXAIPurchaseAdvisor component mounted - product @ https://www.ibm.com/etc.clientlibs/adobe-cms/clientlibs/widgets/watsonx-ai-purchase-advisor.lc-617e1888e110a4514d5088a3b46edd57-lc.min.js:354851
[    1749ms] [INFO] Env: ddo country detected:  us @ https://www.ibm.com/etc.clientlibs/adobe-cms/clientlibs/widgets/watsonx-ai-purchase-advisor.lc-617e1888e110a4514d5088a3b46edd57-lc.min.js:199188
[    1781ms] [WARNING] Warning: c4d-masthead's "navLinks" property is deprecated. Use "l0Data" property instead. @ https://www.ibm.com/etc.clientlibs/adobe-cms/clientlibs/clientlib-masthead-container.lc-7dce7de0786a01feb617055aa1e84f2b-lc.min.js:1272
[    1781ms] [WARNING] Warning: c4d-masthead's "navLinks" property is deprecated. Use "l0Data" property instead. @ https://www.ibm.com/etc.clientlibs/adobe-cms/clientlibs/clientlib-masthead-container.lc-7dce7de0786a01feb617055aa1e84f2b-lc.min.js:1272
[    1802ms] [WARNING] Warning: c4d-masthead's "navLinks" property is deprecated. Use "l0Data" property instead. @ https://www.ibm.com/etc.clientlibs/adobe-cms/clientlibs/clientlib-masthead-container.lc-7dce7de0786a01feb617055aa1e84f2b-lc.min.js:1272
[    1808ms] [INFO] Env: ddo country detected:  us @ https://www.ibm.com/etc.clientlibs/adobe-cms/clientlibs/widgets/watsonx-ai-purchase-advisor.lc-617e1888e110a4514d5088a3b46edd57-lc.min.js:199188
[    2382ms] [WARNING] Attempting to re-define cds-modal @ https://www.ibm.com/etc.clientlibs/adobe-cms/clientlibs/clientlib-dynamic-chunks/resources/ae60abcde6e31ce9a386.js:1
[    2382ms] [WARNING] Attempting to re-define cds-modal-body @ https://www.ibm.com/etc.clientlibs/adobe-cms/clientlibs/clientlib-dynamic-chunks/resources/ae60abcde6e31ce9a386.js:1
[    2382ms] [WARNING] Attempting to re-define cds-modal-body-content @ https://www.ibm.com/etc.clientlibs/adobe-cms/clientlibs/clientlib-dynamic-chunks/resources/ae60abcde6e31ce9a386.js:1
[    2382ms] [WARNING] Attempting to re-define cds-modal-close-button @ https://www.ibm.com/etc.clientlibs/adobe-cms/clientlibs/clientlib-dynamic-chunks/resources/ae60abcde6e31ce9a386.js:1
[    2382ms] [WARNING] Attempting to re-define cds-modal-footer @ https://www.ibm.com/etc.clientlibs/adobe-cms/clientlibs/clientlib-dynamic-chunks/resources/ae60abcde6e31ce9a386.js:1
[    2382ms] [WARNING] Attempting to re-define cds-button @ https://www.ibm.com/etc.clientlibs/adobe-cms/clientlibs/clientlib-dynamic-chunks/resources/ae60abcde6e31ce9a386.js:1
[    2382ms] [WARNING] Attempting to re-define cds-modal-footer-button @ https://www.ibm.com/etc.clientlibs/adobe-cms/clientlibs/clientlib-dynamic-chunks/resources/ae60abcde6e31ce9a386.js:1
[    2382ms] [WARNING] Attempting to re-define cds-modal-header @ https://www.ibm.com/etc.clientlibs/adobe-cms/clientlibs/clientlib-dynamic-chunks/resources/ae60abcde6e31ce9a386.js:1
[    2382ms] [WARNING] Attempting to re-define cds-modal-heading @ https://www.ibm.com/etc.clientlibs/adobe-cms/clientlibs/clientlib-dynamic-chunks/resources/ae60abcde6e31ce9a386.js:1
[    2382ms] [WARNING] Attempting to re-define cds-modal-label @ https://www.ibm.com/etc.clientlibs/adobe-cms/clientlibs/clientlib-dynamic-chunks/resources/ae60abcde6e31ce9a386.js:1
[    2496ms] [INFO] URX Build Date Time: 1/6/2026, 4:13:12 pm (IST) @ https://www.ibm.com/account/ibmidutil/widget/js/main.js:1
[    2617ms] [LOG] Fetched Data: {categories: Array(1)} @ https://www.ibm.com/etc.clientlibs/adobe-cms/clientlibs/clientlib-new-design.lc-5e838b2bcba17c567d4bc7353c1b8760-lc.min.js:2
[    2864ms] [LOG] Smartling Context Tracker is enabled. @ https://d2c7xlmseob604.cloudfront.net/tracker.min.js:0
[    3478ms] [LOG] webchat bundle deploy timestamp 20260624-171047 @ https://1.www.s81c.com/cognitive-tooling-unified-chat/v1/webchat.bundle.js:7
[    3478ms] [LOG] webchat bundle commit d467766143ebb10303719d84867ff491cabb0619 @ https://1.www.s81c.com/cognitive-tooling-unified-chat/v1/webchat.bundle.js:7
[    4322ms] [LOG] Page event called @ https://cloud.ibm.com/analytics/build/bluemix-analytics.min.js:1
[    5570ms] [ERROR] Failed to load resource: net::ERR_NAME_NOT_RESOLVED @ https://nsone-healthcheck.lumenedge.dev/ns1-healthcheck.gif?t=lg438l:0
[    5664ms] [ERROR] Failed to load resource: net::ERR_NAME_NOT_RESOLVED @ https://nsone-healthcheck.lumenedge.dev/ns1-healthcheck.gif?t=s3ew0h:0
[    5839ms] [ERROR] Failed to load resource: net::ERR_NAME_NOT_RESOLVED @ https://nsone-healthcheck.lumenedge.dev/ns1-healthcheck.gif?t=1v27jw:0
[   11065ms] [WARNING] The resource https://www.ibm.com/content/adobe-cms/us/en/products/watsonx-ai/pricing/jcr:content/root/leadspace_container/leadspace/image.coreimg.jpeg/1781268487653/ai.jpg was preloaded using link preload but not used within a few seconds from the window's load event. Please make sure it has an appropriate `as` value and it is preloaded intentionally. @ https://www.ibm.com/products/watsonx-ai/pricing:0
[   24071ms] [WARNING] The resource https://www.ibm.com/content/adobe-cms/us/en/products/watsonx-ai/pricing/jcr:content/root/leadspace_container/leadspace/image.coreimg.jpeg/1781268487653/ai.jpg was preloaded using link preload but not used within a few seconds from the window's load event. Please make sure it has an appropriate `as` value and it is preloaded intentionally. @ https://www.ibm.com/products/watsonx-ai/pricing:0
[   37106ms] [WARNING] The resource https://www.ibm.com/content/adobe-cms/us/en/products/watsonx-ai/pricing/jcr:content/root/leadspace_container/leadspace/image.coreimg.jpeg/1781268487653/ai.jpg was preloaded using link preload but not used within a few seconds from the window's load event. Please make sure it has an appropriate `as` value and it is preloaded intentionally. @ https://www.ibm.com/products/watsonx-ai/pricing:0
[   70080ms] [WARNING] The resource https://www.ibm.com/content/adobe-cms/us/en/products/watsonx-ai/pricing/jcr:content/root/leadspace_container/leadspace/image.coreimg.jpeg/1781268487653/ai.jpg was preloaded using link preload but not used within a few seconds from the window's load event. Please make sure it has an appropriate `as` value and it is preloaded intentionally. @ https://www.ibm.com/products/watsonx-ai/pricing:0
[   84593ms] [WARNING] Warning: c4d-masthead's "navLinks" property is deprecated. Use "l0Data" property instead. @ https://www.ibm.com/etc.clientlibs/adobe-cms/clientlibs/clientlib-masthead-container.lc-7dce7de0786a01feb617055aa1e84f2b-lc.min.js:1272
[   84782ms] [WARNING] Warning: c4d-masthead's "navLinks" property is deprecated. Use "l0Data" property instead. @ https://www.ibm.com/etc.clientlibs/adobe-cms/clientlibs/clientlib-masthead-container.lc-7dce7de0786a01feb617055aa1e84f2b-lc.min.js:1272
[   84782ms] [WARNING] Warning: c4d-masthead's "navLinks" property is deprecated. Use "l0Data" property instead. @ https://www.ibm.com/etc.clientlibs/adobe-cms/clientlibs/clientlib-masthead-container.lc-7dce7de0786a01feb617055aa1e84f2b-lc.min.js:1272
[   84836ms] [LOG] Fetched Data: {categories: Array(1)} @ https://www.ibm.com/etc.clientlibs/adobe-cms/clientlibs/clientlib-new-design.lc-5e838b2bcba17c567d4bc7353c1b8760-lc.min.js:2
[   84836ms] [WARNING] No c4d-top-nav-menu-item elements found inside JSHandle@node @ https://www.ibm.com/etc.clientlibs/adobe-cms/clientlibs/clientlib-new-design.lc-5e838b2bcba17c567d4bc7353c1b8760-lc.min.js:2
[   90807ms] [WARNING] The resource https://www.ibm.com/content/adobe-cms/us/en/products/watsonx-ai/pricing/jcr:content/root/leadspace_container/leadspace/image.coreimg.jpeg/1781268487653/ai.jpg was preloaded using link preload but not used within a few seconds from the window's load event. Please make sure it has an appropriate `as` value and it is preloaded intentionally. @ https://www.ibm.com/products/watsonx-ai/pricing:0
[  151898ms] [WARNING] The resource https://www.ibm.com/content/adobe-cms/us/en/products/watsonx-ai/pricing/jcr:content/root/leadspace_container/leadspace/image.coreimg.jpeg/1781268487653/ai.jpg was preloaded using link preload but not used within a few seconds from the window's load event. Please make sure it has an appropriate `as` value and it is preloaded intentionally. @ https://www.ibm.com/products/watsonx-ai/pricing:0
[  212849ms] [WARNING] The resource https://www.ibm.com/content/adobe-cms/us/en/products/watsonx-ai/pricing/jcr:content/root/leadspace_container/leadspace/image.coreimg.jpeg/1781268487653/ai.jpg was preloaded using link preload but not used within a few seconds from the window's load event. Please make sure it has an appropriate `as` value and it is preloaded intentionally. @ https://www.ibm.com/products/watsonx-ai/pricing:0
[  274290ms] [WARNING] The resource https://www.ibm.com/content/adobe-cms/us/en/products/watsonx-ai/pricing/jcr:content/root/leadspace_container/leadspace/image.coreimg.jpeg/1781268487653/ai.jpg was preloaded using link preload but not used within a few seconds from the window's load event. Please make sure it has an appropriate `as` value and it is preloaded intentionally. @ https://www.ibm.com/products/watsonx-ai/pricing:0
[  334835ms] [WARNING] The resource https://www.ibm.com/content/adobe-cms/us/en/products/watsonx-ai/pricing/jcr:content/root/leadspace_container/leadspace/image.coreimg.jpeg/1781268487653/ai.jpg was preloaded using link preload but not used within a few seconds from the window's load event. Please make sure it has an appropriate `as` value and it is preloaded intentionally. @ https://www.ibm.com/products/watsonx-ai/pricing:0
[  388803ms] [WARNING] The resource https://www.ibm.com/content/adobe-cms/us/en/products/watsonx-ai/pricing/jcr:content/root/leadspace_container/leadspace/image.coreimg.jpeg/1781268487653/ai.jpg was preloaded using link preload but not used within a few seconds from the window's load event. Please make sure it has an appropriate `as` value and it is preloaded intentionally. @ https://www.ibm.com/products/watsonx-ai/pricing:0
